<?xml version="1.0" encoding="UTF-8"?>
<!-- Generated by org.testng.reporters.JUnitReportReporter -->
<testsuite hostname="DESKTOP-S2UPBU9" failures="0" tests="6" name="com.qsp.trello.test.TrelloEndToEnd" time="52.531" errors="0" timestamp="2023-01-12T22:59:31 IST" skipped="0">
  <testcase classname="com.qsp.trello.test.TrelloEndToEnd" name="boardCreation" time="23.794"/>
  <system-out>
    <![CDATA[Board Created upon verification]]>
  </system-out>
  <testcase classname="com.qsp.trello.test.TrelloEndToEnd" name="launchTrello" time="3.783"/>
  <system-out/>
  <testcase classname="com.qsp.trello.test.TrelloEndToEnd" name="homeLoginOptionClick" time="2.856"/>
  <system-out/>
  <testcase classname="com.qsp.trello.test.TrelloEndToEnd" name="createList" time="0.585"/>
  <system-out/>
  <testcase classname="com.qsp.trello.test.TrelloEndToEnd" name="login" time="19.576"/>
  <system-out/>
  <testcase classname="com.qsp.trello.test.TrelloEndToEnd" name="deleteList" time="1.937"/>
  <system-out/>
</testsuite> <!-- com.qsp.trello.test.TrelloEndToEnd -->
